Using pre-set license
Built from '2021.3/staging' branch; Version is '2021.3.39f1 (fb3b7b32f191) revision 16464763'; Using compiler version '192829333'; Build Type 'Release'
OS: 'Windows 11  (10.0.22631) 64bit Core' Language: 'en' Physical Memory: 16111 MB
BatchMode: 1, IsHumanControllingUs: 0, StartBugReporterOnCrash: 0, Is64bit: 1, IsPro: 1

COMMAND LINE ARGUMENTS:
C:\Program Files\Unity\Hub\Editor\2021.3.39f1\Editor\Unity.exe
-adb2
-batchMode
-noUpm
-name
AssetImportWorker2
-projectPath
C:/Users/Max Aboud/OneDrive/Documents/GitHub/Pre-GMTK-Game-Jam/Pre GMTK Game Jam 2024
-logFile
Logs/AssetImportWorker2.log
-srvPort
51678
Successfully changed project path to: C:/Users/Max Aboud/OneDrive/Documents/GitHub/Pre-GMTK-Game-Jam/Pre GMTK Game Jam 2024
C:/Users/Max Aboud/OneDrive/Documents/GitHub/Pre-GMTK-Game-Jam/Pre GMTK Game Jam 2024
[UnityMemory] Configuration Parameters - Can be set up in boot.config
    "memorysetup-bucket-allocator-granularity=16"
    "memorysetup-bucket-allocator-bucket-count=8"
    "memorysetup-bucket-allocator-block-size=33554432"
    "memorysetup-bucket-allocator-block-count=8"
    "memorysetup-main-allocator-block-size=16777216"
    "memorysetup-thread-allocator-block-size=16777216"
    "memorysetup-gfx-main-allocator-block-size=16777216"
    "memorysetup-gfx-thread-allocator-block-size=16777216"
    "memorysetup-cache-allocator-block-size=4194304"
    "memorysetup-typetree-allocator-block-size=2097152"
    "memorysetup-profiler-bucket-allocator-granularity=16"
    "memorysetup-profiler-bucket-allocator-bucket-count=8"
    "memorysetup-profiler-bucket-allocator-block-size=33554432"
    "memorysetup-profiler-bucket-allocator-block-count=8"
    "memorysetup-profiler-allocator-block-size=16777216"
    "memorysetup-profiler-editor-allocator-block-size=1048576"
    "memorysetup-temp-allocator-size-main=16777216"
    "memorysetup-job-temp-allocator-block-size=2097152"
    "memorysetup-job-temp-allocator-block-size-background=1048576"
    "memorysetup-job-temp-allocator-reduction-small-platforms=262144"
    "memorysetup-temp-allocator-size-background-worker=32768"
    "memorysetup-temp-allocator-size-job-worker=262144"
    "memorysetup-temp-allocator-size-preload-manager=33554432"
    "memorysetup-temp-allocator-size-nav-mesh-worker=65536"
    "memorysetup-temp-allocator-size-audio-worker=65536"
    "memorysetup-temp-allocator-size-cloud-worker=32768"
    "memorysetup-temp-allocator-size-gi-baking-worker=262144"
    "memorysetup-temp-allocator-size-gfx=262144"
Player connection [24052] Host "[IP] 192.168.0.140 [Port] 0 [Flags] 2 [Guid] 2812884519 [EditorId] 2812884519 [Version] 1048832 [Id] WindowsEditor(7,the-cool-devil) [Debug] 1 [PackageName] WindowsEditor [ProjectName] Editor" joined multi-casting on [225.0.0.222:54997]...

Player connection [24052] Host "[IP] 192.168.0.140 [Port] 0 [Flags] 2 [Guid] 2812884519 [EditorId] 2812884519 [Version] 1048832 [Id] WindowsEditor(7,the-cool-devil) [Debug] 1 [PackageName] WindowsEditor [ProjectName] Editor" joined alternative multi-casting on [225.0.0.222:34997]...

[Physics::Module] Initialized MultithreadedJobDispatcher with {0} workers.
Refreshing native plugins compatible for Editor in 156.58 ms, found 4 plugins.
Preloading 0 native plugins for Editor in 0.00 ms.
Initialize engine version: 2021.3.39f1 (fb3b7b32f191)
[Subsystems] Discovering subsystems at path C:/Program Files/Unity/Hub/Editor/2021.3.39f1/Editor/Data/Resources/UnitySubsystems
[Subsystems] Discovering subsystems at path C:/Users/Max Aboud/OneDrive/Documents/GitHub/Pre-GMTK-Game-Jam/Pre GMTK Game Jam 2024/Assets
GfxDevice: creating device client; threaded=0; jobified=0
Direct3D:
    Version:  Direct3D 11.0 [level 11.1]
    Renderer: Intel(R) Iris(R) Xe Graphics (ID=0x9a49)
    Vendor:   Intel
    VRAM:     8055 MB
    Driver:   31.0.101.4502
Initialize mono
Mono path[0] = 'C:/Program Files/Unity/Hub/Editor/2021.3.39f1/Editor/Data/Managed'
Mono path[1] = 'C:/Program Files/Unity/Hub/Editor/2021.3.39f1/Editor/Data/MonoBleedingEdge/lib/mono/unityjit-win32'
Mono config path = 'C:/Program Files/Unity/Hub/Editor/2021.3.39f1/Editor/Data/MonoBleedingEdge/etc'
Using monoOptions --debugger-agent=transport=dt_socket,embedding=1,server=y,suspend=n,address=127.0.0.1:56432
Begin MonoManager ReloadAssembly
Registering precompiled unity dll's ...
Register platform support module: C:/Program Files/Unity/Hub/Editor/2021.3.39f1/Editor/Data/PlaybackEngines/WindowsStandaloneSupport/UnityEditor.WindowsStandalone.Extensions.dll
Registered in 0.006872 seconds.
Native extension for WindowsStandalone target not found
Refreshing native plugins compatible for Editor in 181.76 ms, found 4 plugins.
Preloading 0 native plugins for Editor in 0.00 ms.
Mono: successfully reloaded assembly
- Completed reload, in  1.106 seconds
Domain Reload Profiling:
	ReloadAssembly (1107ms)
		BeginReloadAssembly (134ms)
			ExecutionOrderSort (0ms)
			DisableScriptedObjects (0ms)
			BackupInstance (0ms)
			ReleaseScriptingObjects (0ms)
			CreateAndSetChildDomain (1ms)
		EndReloadAssembly (828ms)
			LoadAssemblies (130ms)
			RebuildTransferFunctionScriptingTraits (0ms)
			SetupTypeCache (168ms)
			ReleaseScriptCaches (0ms)
			RebuildScriptCaches (46ms)
			SetupLoadedEditorAssemblies (547ms)
				LogAssemblyErrors (0ms)
				InitializePlatformSupportModulesInManaged (11ms)
				SetLoadedEditorAssemblies (0ms)
				RefreshPlugins (182ms)
				BeforeProcessingInitializeOnLoad (2ms)
				ProcessInitializeOnLoadAttributes (252ms)
				ProcessInitializeOnLoadMethodAttributes (100ms)
				AfterProcessingInitializeOnLoad (0ms)
				EditorAssembliesLoaded (0ms)
			ExecutionOrderSort2 (0ms)
			AwakeInstancesAfterBackupRestoration (0ms)
Platform modules already initialized, skipping
Registering precompiled user dll's ...
Registered in 0.014580 seconds.
Begin MonoManager ReloadAssembly
Native extension for WindowsStandalone target not found
Refreshing native plugins compatible for Editor in 222.09 ms, found 4 plugins.
Preloading 0 native plugins for Editor in 0.00 ms.
Package Manager log level set to [2]
[Package Manager] Server::EnsureServerProcessIsRunning -- launch failed, reason: Unity was launched with the -noUpm command-line argument
[Package Manager] Cannot connect to Unity Package Manager local server
Mono: successfully reloaded assembly
- Completed reload, in  2.772 seconds
Domain Reload Profiling:
	ReloadAssembly (2774ms)
		BeginReloadAssembly (266ms)
			ExecutionOrderSort (0ms)
			DisableScriptedObjects (16ms)
			BackupInstance (0ms)
			ReleaseScriptingObjects (0ms)
			CreateAndSetChildDomain (37ms)
		EndReloadAssembly (2307ms)
			LoadAssemblies (188ms)
			RebuildTransferFunctionScriptingTraits (0ms)
			SetupTypeCache (584ms)
			ReleaseScriptCaches (1ms)
			RebuildScriptCaches (91ms)
			SetupLoadedEditorAssemblies (1415ms)
				LogAssemblyErrors (0ms)
				InitializePlatformSupportModulesInManaged (9ms)
				SetLoadedEditorAssemblies (0ms)
				RefreshPlugins (222ms)
				BeforeProcessingInitializeOnLoad (198ms)
				ProcessInitializeOnLoadAttributes (762ms)
				ProcessInitializeOnLoadMethodAttributes (202ms)
				AfterProcessingInitializeOnLoad (20ms)
				EditorAssembliesLoaded (0ms)
			ExecutionOrderSort2 (0ms)
			AwakeInstancesAfterBackupRestoration (17ms)
Platform modules already initialized, skipping
========================================================================
Worker process is ready to serve import requests
Launched and connected shader compiler UnityShaderCompiler.exe after 0.11 seconds
Refreshing native plugins compatible for Editor in 1.05 ms, found 4 plugins.
Preloading 0 native plugins for Editor in 0.00 ms.
Unloading 5324 Unused Serialized files (Serialized files now loaded: 0)
Unloading 42 unused Assets / (0.7 MB). Loaded Objects now: 5774.
Memory consumption went from 211.9 MB to 211.2 MB.
Total: 4.183200 ms (FindLiveObjects: 0.391500 ms CreateObjectMapping: 0.201400 ms MarkObjects: 3.219200 ms  DeleteObjects: 0.369900 ms)

AssetImportParameters requested are different than current active one (requested -> active):
  custom:video-decoder-ogg-theora: a1e56fd34408186e4bbccfd4996cb3dc -> 
  custom:container-muxer-webm: aa71ff27fc2769a1b78a27578f13a17b -> 
  custom:container-demuxer-webm: 4f35f7cbe854078d1ac9338744f61a02 -> 
  custom:video-encoder-webm-vp8: eb34c28f22e8b96e1ab97ce403110664 -> 
  custom:video-codec-MediaFoundation-h265: 746d11721c4dcdbdad8f713fa42b33f4 -> 
  custom:CustomObjectIndexerAttribute: 6b0e35c9178b02a6363f3721b7b8e397 -> 
  custom:audio-encoder-webm-vorbis: bf7c407c2cedff20999df2af8eb42d56 -> 
  custom:framework-win-MediaFoundation: 216162199b28c13a410421893ffa2e32 -> 
  custom:SearchIndexIgnoredProperties: e643bd26f0fe6173181afceb89e7c659 -> 
  custom:container-demuxer-ogg: 62fdf1f143b41e24485cea50d1cbac27 -> 
  custom:video-decoder-webm-vp8: 9c59270c3fd7afecdb556c50c9e8de78 -> 
  custom:audio-decoder-ogg-vorbis: bf7c407c2cedff20999df2af8eb42d56 -> 
========================================================================
Received Import Request.
  Time since last request: 12738.752753 seconds.
  path: Assets/textures/New Palette.prefab
  artifactKey: Guid(2994a511149574244a0aa7d2c0f273ac) Importer(815301076,1909f56bfc062723c751e8b465ee728b)
Number of updated assets reloaded before import = 0
Start importing Assets/textures/New Palette.prefab using Guid(2994a511149574244a0aa7d2c0f273ac) Importer(815301076,1909f56bfc062723c751e8b465ee728b)  -> (artifact id: '9c8213437ecf0b6707378c7bec23a57c') in 0.369690 seconds 
Number of asset objects unloaded after import = 37
========================================================================
Received Import Request.
  Time since last request: 68.040025 seconds.
  path: Assets/textures/no collitons.prefab
  artifactKey: Guid(13fd00608020e1744a2a763bc455f0b4) Importer(815301076,1909f56bfc062723c751e8b465ee728b)
Number of updated assets reloaded before import = 0
Start importing Assets/textures/no collitons.prefab using Guid(13fd00608020e1744a2a763bc455f0b4) Importer(815301076,1909f56bfc062723c751e8b465ee728b)  -> (artifact id: '3f19da3d24ef043018f3de374442e2a0') in 0.011149 seconds 
Number of asset objects unloaded after import = 11
========================================================================
Received Import Request.
  Time since last request: 51.673787 seconds.
  path: Assets/textures/New Palette.prefab
  artifactKey: Guid(2994a511149574244a0aa7d2c0f273ac) Importer(815301076,1909f56bfc062723c751e8b465ee728b)
Number of updated assets reloaded before import = 0
Start importing Assets/textures/New Palette.prefab using Guid(2994a511149574244a0aa7d2c0f273ac) Importer(815301076,1909f56bfc062723c751e8b465ee728b)  -> (artifact id: 'a3d0adc1c76ad12d821b9a7728696284') in 0.013378 seconds 
Number of asset objects unloaded after import = 14
========================================================================
Received Import Request.
  Time since last request: 12.889047 seconds.
  path: Assets/textures/textures
  artifactKey: Guid(c45f2672b9cb43b45bd4b65ef8d7b905) Importer(815301076,1909f56bfc062723c751e8b465ee728b)
Number of updated assets reloaded before import = 0
Start importing Assets/textures/textures using Guid(c45f2672b9cb43b45bd4b65ef8d7b905) Importer(815301076,1909f56bfc062723c751e8b465ee728b)  -> (artifact id: '81dead41950c5106ba539279da14ed1e') in 0.001990 seconds 
Number of asset objects unloaded after import = 0
========================================================================
Received Import Request.
  Time since last request: 3.819740 seconds.
  path: Assets/textures/New Palette.prefab
  artifactKey: Guid(2994a511149574244a0aa7d2c0f273ac) Importer(815301076,1909f56bfc062723c751e8b465ee728b)
Number of updated assets reloaded before import = 0
Start importing Assets/textures/New Palette.prefab using Guid(2994a511149574244a0aa7d2c0f273ac) Importer(815301076,1909f56bfc062723c751e8b465ee728b)  -> (artifact id: '362a69d54850695196c6baf04992c813') in 0.013967 seconds 
Number of asset objects unloaded after import = 14
========================================================================
Received Import Request.
  Time since last request: 2.600946 seconds.
  path: Assets/textures/textures/ground.asset
  artifactKey: Guid(83d85177836693b4791472c678779775) Importer(815301076,1909f56bfc062723c751e8b465ee728b)
Number of updated assets reloaded before import = 0
Start importing Assets/textures/textures/ground.asset using Guid(83d85177836693b4791472c678779775) Importer(815301076,1909f56bfc062723c751e8b465ee728b)  -> (artifact id: '7059d6bd504d47a6393b747e7b3c9a40') in 0.022108 seconds 
Number of asset objects unloaded after import = 3
========================================================================
Received Import Request.
  Time since last request: 13.578988 seconds.
  path: Assets/textures/no collitons.prefab
  artifactKey: Guid(13fd00608020e1744a2a763bc455f0b4) Importer(815301076,1909f56bfc062723c751e8b465ee728b)
Number of updated assets reloaded before import = 0
Start importing Assets/textures/no collitons.prefab using Guid(13fd00608020e1744a2a763bc455f0b4) Importer(815301076,1909f56bfc062723c751e8b465ee728b)  -> (artifact id: 'ac274b6d7648fd2b5e1981f1e211e48f') in 0.022535 seconds 
Number of asset objects unloaded after import = 36
========================================================================
Received Import Request.
  Time since last request: 43.213383 seconds.
  path: Assets/textures/no collitons.prefab
  artifactKey: Guid(13fd00608020e1744a2a763bc455f0b4) Importer(815301076,1909f56bfc062723c751e8b465ee728b)
Number of updated assets reloaded before import = 0
Start importing Assets/textures/no collitons.prefab using Guid(13fd00608020e1744a2a763bc455f0b4) Importer(815301076,1909f56bfc062723c751e8b465ee728b)  -> (artifact id: 'f3f61fe34c30cbe01bd0cd1969b980fd') in 0.060070 seconds 
Number of asset objects unloaded after import = 36
========================================================================
Received Import Request.
  Time since last request: 65.944022 seconds.
  path: Assets/textures/textures/Wall_1_0.asset
  artifactKey: Guid(71310be7c788bbb4d88aadb1a8eecdc6) Importer(815301076,1909f56bfc062723c751e8b465ee728b)
Number of updated assets reloaded before import = 0
Start importing Assets/textures/textures/Wall_1_0.asset using Guid(71310be7c788bbb4d88aadb1a8eecdc6) Importer(815301076,1909f56bfc062723c751e8b465ee728b)  -> (artifact id: 'ba26f1f8f4d1eb1517b1d09408de1bfa') in 0.027695 seconds 
Number of asset objects unloaded after import = 3
========================================================================
Received Import Request.
  Time since last request: 0.386219 seconds.
  path: Assets/textures/textures/Wall_1_2.asset
  artifactKey: Guid(024f389c123879b41ad1a2e864187c6b) Importer(815301076,1909f56bfc062723c751e8b465ee728b)
Number of updated assets reloaded before import = 0
Start importing Assets/textures/textures/Wall_1_2.asset using Guid(024f389c123879b41ad1a2e864187c6b) Importer(815301076,1909f56bfc062723c751e8b465ee728b)  -> (artifact id: '1a5cced693865b15224f12ee424c6aa3') in 0.010867 seconds 
Number of asset objects unloaded after import = 3
========================================================================
Received Import Request.
  Time since last request: 0.490225 seconds.
  path: Assets/textures/textures/Wall_1_8.asset
  artifactKey: Guid(b121503e039d9c3408e934dd89d2a1f3) Importer(815301076,1909f56bfc062723c751e8b465ee728b)
Number of updated assets reloaded before import = 0
Start importing Assets/textures/textures/Wall_1_8.asset using Guid(b121503e039d9c3408e934dd89d2a1f3) Importer(815301076,1909f56bfc062723c751e8b465ee728b)  -> (artifact id: 'e8d054ae2b80b8cffbcceeec0eff7806') in 0.015459 seconds 
Number of asset objects unloaded after import = 3
========================================================================
Received Import Request.
  Time since last request: 0.000051 seconds.
  path: Assets/textures/textures/Wall_1_10.asset
  artifactKey: Guid(693608db636e823489f5f93ae73018bc) Importer(815301076,1909f56bfc062723c751e8b465ee728b)
Number of updated assets reloaded before import = 0
Start importing Assets/textures/textures/Wall_1_10.asset using Guid(693608db636e823489f5f93ae73018bc) Importer(815301076,1909f56bfc062723c751e8b465ee728b)  -> (artifact id: 'c435dc9478b916f467d8a5b12e32a8ff') in 0.012526 seconds 
Number of asset objects unloaded after import = 3
========================================================================
Received Import Request.
  Time since last request: 0.000054 seconds.
  path: Assets/textures/textures/Wall_1_11.asset
  artifactKey: Guid(a5cfbc24f87fb3f4a834ba8305186eb0) Importer(815301076,1909f56bfc062723c751e8b465ee728b)
Number of updated assets reloaded before import = 0
Start importing Assets/textures/textures/Wall_1_11.asset using Guid(a5cfbc24f87fb3f4a834ba8305186eb0) Importer(815301076,1909f56bfc062723c751e8b465ee728b)  -> (artifact id: '6d889c87135492f8c4bd6d0fbec7bf53') in 0.008297 seconds 
Number of asset objects unloaded after import = 3
========================================================================
Received Import Request.
  Time since last request: 0.000034 seconds.
  path: Assets/textures/textures/Wall_1_4.asset
  artifactKey: Guid(31154d102c0963944bbf17f9ae16e184) Importer(815301076,1909f56bfc062723c751e8b465ee728b)
Number of updated assets reloaded before import = 0
Start importing Assets/textures/textures/Wall_1_4.asset using Guid(31154d102c0963944bbf17f9ae16e184) Importer(815301076,1909f56bfc062723c751e8b465ee728b)  -> (artifact id: 'b18ec176a686a82a4d9bfbfa485f7ac4') in 0.009152 seconds 
Number of asset objects unloaded after import = 3
Editor requested this worker to shutdown with reason: Scaling down because of idle timeout
AssetImportWorker is now disconnected from the server
Process exiting
Exiting without the bug reporter. Application will terminate with return code 0